2022-02-10 19:35:28,370 [INFO] from play.api.db.DefaultDBApi in play-dev-mode-akka.actor.default-dispatcher-5 - Database [default] initialized
2022-02-10 19:35:28,383 [INFO] from play.api.db.HikariCPConnectionPool in play-dev-mode-akka.actor.default-dispatcher-5 - Creating Pool for datasource 'default'
2022-02-10 19:35:30,203 [INFO] from play.api.http.EnabledFilters in play-dev-mode-akka.actor.default-dispatcher-5 - Enabled Filters (see <https://www.playframework.com/documentation/latest/Filters>):

    play.filters.csrf.CSRFFilter
    play.filters.headers.SecurityHeadersFilter
    play.filters.hosts.AllowedHostsFilter

2022-02-10 19:35:30,435 [INFO] from play.api.Play in play-dev-mode-akka.actor.default-dispatcher-5 - Application started (Dev) (no global state)
2022-02-10 19:35:31,673 [ERROR] from play.api.http.DefaultHttpErrorHandler in application-akka.actor.default-dispatcher-5 - 

! @7mjdao9hk - Internal server error, for (GET) [/user/recepes/1?page=1] ->
 
play.api.http.HttpErrorHandlerExceptions$$anon$1: Execution exception[[IndexOutOfBoundsException: toIndex = 9]]
	at play.api.http.HttpErrorHandlerExceptions$.$anonfun$convertToPlayException$2(HttpErrorHandler.scala:381)
	at scala.Option.map(Option.scala:242)
	at play.api.http.HttpErrorHandlerExceptions$.convertToPlayException(HttpErrorHandler.scala:380)
	at play.api.http.HttpErrorHandlerExceptions$.throwableToUsefulException(HttpErrorHandler.scala:373)
	at play.api.http.DefaultHttpErrorHandler.onServerError(HttpErrorHandler.scala:264)
	at play.core.server.AkkaHttpServer$$anonfun$2.applyOrElse(AkkaHttpServer.scala:430)
	at play.core.server.AkkaHttpServer$$anonfun$2.applyOrElse(AkkaHttpServer.scala:422)
	at scala.concurrent.impl.Promise$Transformation.run(Promise.scala:454)
	at akka.dispatch.BatchingExecutor$AbstractBatch.processBatch(BatchingExecutor.scala:63)
	at akka.dispatch.BatchingExecutor$BlockableBatch.$anonfun$run$1(BatchingExecutor.scala:100)
	at scala.runtime.java8.JFunction0$mcV$sp.apply(JFunction0$mcV$sp.scala:18)
	at scala.concurrent.BlockContext$.withBlockContext(BlockContext.scala:94)
	at akka.dispatch.BatchingExecutor$BlockableBatch.run(BatchingExecutor.scala:100)
	at akka.dispatch.TaskInvocation.run(AbstractDispatcher.scala:49)
	at akka.dispatch.ForkJoinExecutorConfigurator$AkkaForkJoinTask.exec(ForkJoinExecutorConfigurator.scala:48)
	at java.base/java.util.concurrent.ForkJoinTask.doExec(ForkJoinTask.java:290)
	at java.base/java.util.concurrent.ForkJoinPool$WorkQueue.topLevelExec(ForkJoinPool.java:1020)
	at java.base/java.util.concurrent.ForkJoinPool.scan(ForkJoinPool.java:1656)
	at java.base/java.util.concurrent.ForkJoinPool.runWorker(ForkJoinPool.java:1594)
	at java.base/java.util.concurrent.ForkJoinWorkerThread.run(ForkJoinWorkerThread.java:183)
Caused by: java.lang.IndexOutOfBoundsException: toIndex = 9
	at java.base/java.util.AbstractList.subListRangeCheck(AbstractList.java:507)
	at java.base/java.util.ArrayList.subList(ArrayList.java:1138)
	at io.ebean.common.BeanList.subList(BeanList.java:478)
	at controllers.HomeController.getListaRecetasUsuario(HomeController.java:881)
	at router.Routes$$anonfun$routes$1.$anonfun$applyOrElse$51(Routes.scala:545)
	at play.core.routing.HandlerInvokerFactory$$anon$8.resultCall(HandlerInvoker.scala:150)
	at play.core.routing.HandlerInvokerFactory$$anon$8.resultCall(HandlerInvoker.scala:149)
	at play.core.routing.HandlerInvokerFactory$JavaActionInvokerFactory$$anon$3$$anon$4$$anon$5.invocation(HandlerInvoker.scala:115)
	at play.core.j.JavaAction$$anon$1.call(JavaAction.scala:119)
	at play.http.DefaultActionCreator$1.call(DefaultActionCreator.java:33)
	at play.core.j.JavaAction.$anonfun$apply$8(JavaAction.scala:175)
	at scala.concurrent.Future$.$anonfun$apply$1(Future.scala:672)
	at scala.concurrent.impl.Promise$Transformation.run(Promise.scala:431)
	at play.core.j.HttpExecutionContext.$anonfun$execute$1(HttpExecutionContext.scala:64)
	at play.api.libs.streams.Execution$trampoline$.execute(Execution.scala:70)
	at play.core.j.HttpExecutionContext.execute(HttpExecutionContext.scala:59)
	at scala.concurrent.impl.Promise$Transformation.submitWithValue(Promise.scala:393)
	at scala.concurrent.impl.Promise$DefaultPromise.submitWithValue(Promise.scala:302)
	at scala.concurrent.impl.Promise$DefaultPromise.dispatchOrAddCallbacks(Promise.scala:276)
	at scala.concurrent.impl.Promise$DefaultPromise.map(Promise.scala:146)
	at scala.concurrent.Future$.apply(Future.scala:672)
	at play.core.j.JavaAction.apply(JavaAction.scala:176)
	at play.api.mvc.Action.$anonfun$apply$4(Action.scala:82)
	at scala.concurrent.impl.Promise$Transformation.run(Promise.scala:434)
	... 12 common frames omitted
2022-02-10 19:42:21,997 [INFO] from play.api.db.HikariCPConnectionPool in application-akka.actor.internal-dispatcher-2 - Shutting down connection pool.
2022-02-10 19:42:23,354 [INFO] from play.api.db.DefaultDBApi in play-dev-mode-akka.actor.default-dispatcher-8 - Database [default] initialized
2022-02-10 19:42:23,354 [INFO] from play.api.db.HikariCPConnectionPool in play-dev-mode-akka.actor.default-dispatcher-8 - Creating Pool for datasource 'default'
2022-02-10 19:42:23,585 [INFO] from play.api.http.EnabledFilters in play-dev-mode-akka.actor.default-dispatcher-8 - Enabled Filters (see <https://www.playframework.com/documentation/latest/Filters>):

    play.filters.csrf.CSRFFilter
    play.filters.headers.SecurityHeadersFilter
    play.filters.hosts.AllowedHostsFilter

2022-02-10 19:42:23,630 [INFO] from play.api.Play in play-dev-mode-akka.actor.default-dispatcher-8 - Application started (Dev) (no global state)
2022-02-10 19:43:07,189 [INFO] from play.api.db.HikariCPConnectionPool in application-akka.actor.internal-dispatcher-2 - Shutting down connection pool.
2022-02-10 19:43:07,834 [INFO] from play.api.db.DefaultDBApi in play-dev-mode-akka.actor.default-dispatcher-8 - Database [default] initialized
2022-02-10 19:43:07,834 [INFO] from play.api.db.HikariCPConnectionPool in play-dev-mode-akka.actor.default-dispatcher-8 - Creating Pool for datasource 'default'
2022-02-10 19:43:08,039 [INFO] from play.api.http.EnabledFilters in play-dev-mode-akka.actor.default-dispatcher-8 - Enabled Filters (see <https://www.playframework.com/documentation/latest/Filters>):

    play.filters.csrf.CSRFFilter
    play.filters.headers.SecurityHeadersFilter
    play.filters.hosts.AllowedHostsFilter

2022-02-10 19:43:08,069 [INFO] from play.api.Play in play-dev-mode-akka.actor.default-dispatcher-8 - Application started (Dev) (no global state)
2022-02-10 19:43:31,590 [INFO] from play.api.internal.libs.concurrent.CoordinatedShutdownSupport in pool-13-thread-5 - Starting synchronous coordinated shutdown with ServerStoppedReason reason and 35000 milliseconds timeout
2022-02-10 19:43:31,590 [INFO] from play.core.server.AkkaHttpServer in pool-13-thread-5 - Stopping Akka HTTP server...
2022-02-10 19:43:31,592 [INFO] from play.core.server.AkkaHttpServer in play-dev-mode-akka.actor.internal-dispatcher-4 - Terminating server binding for /0:0:0:0:0:0:0:0:9000
2022-02-10 19:43:31,621 [INFO] from play.api.db.HikariCPConnectionPool in application-akka.actor.internal-dispatcher-4 - Shutting down connection pool.
2022-02-10 19:43:31,868 [INFO] from play.core.server.AkkaHttpServer in play-dev-mode-akka.actor.internal-dispatcher-20 - Running provided shutdown stop hooks
